0 info it worked if it ends with ok
1 verbose cli [ '/usr/local/bin/node',
1 verbose cli   '/usr/local/bin/npm',
1 verbose cli   'install',
1 verbose cli   'redux-dnd',
1 verbose cli   '--save' ]
2 info using npm@2.15.9
3 info using node@v4.5.0
4 verbose install initial load of /Users/ajuchem/webdev/kanban-app2/package.json
5 verbose installManyTop reading scoped package data from /Users/ajuchem/webdev/kanban-app2/node_modules/alt/package.json
6 verbose installManyTop reading scoped package data from /Users/ajuchem/webdev/kanban-app2/node_modules/alt-container/package.json
7 verbose installManyTop reading scoped package data from /Users/ajuchem/webdev/kanban-app2/node_modules/alt-utils/package.json
8 verbose installManyTop reading scoped package data from /Users/ajuchem/webdev/kanban-app2/node_modules/babel-core/package.json
9 verbose installManyTop reading scoped package data from /Users/ajuchem/webdev/kanban-app2/node_modules/babel-eslint/package.json
10 verbose installManyTop reading scoped package data from /Users/ajuchem/webdev/kanban-app2/node_modules/babel-loader/package.json
11 verbose installManyTop reading scoped package data from /Users/ajuchem/webdev/kanban-app2/node_modules/babel-preset-es2015/package.json
12 verbose installManyTop reading scoped package data from /Users/ajuchem/webdev/kanban-app2/node_modules/babel-preset-react/package.json
13 verbose installManyTop reading scoped package data from /Users/ajuchem/webdev/kanban-app2/node_modules/babel-preset-react-hmre/package.json
14 verbose installManyTop reading scoped package data from /Users/ajuchem/webdev/kanban-app2/node_modules/babel-preset-survivejs-kanban/package.json
15 verbose installManyTop reading scoped package data from /Users/ajuchem/webdev/kanban-app2/node_modules/classnames/package.json
16 verbose installManyTop reading scoped package data from /Users/ajuchem/webdev/kanban-app2/node_modules/clean-webpack-plugin/package.json
17 verbose installManyTop reading scoped package data from /Users/ajuchem/webdev/kanban-app2/node_modules/css-loader/package.json
18 verbose installManyTop reading scoped package data from /Users/ajuchem/webdev/kanban-app2/node_modules/eslint/package.json
19 verbose installManyTop reading scoped package data from /Users/ajuchem/webdev/kanban-app2/node_modules/eslint-loader/package.json
20 verbose installManyTop reading scoped package data from /Users/ajuchem/webdev/kanban-app2/node_modules/eslint-plugin-react/package.json
21 verbose installManyTop reading scoped package data from /Users/ajuchem/webdev/kanban-app2/node_modules/expose-loader/package.json
22 verbose installManyTop reading scoped package data from /Users/ajuchem/webdev/kanban-app2/node_modules/extract-text-webpack-plugin/package.json
23 verbose installManyTop reading scoped package data from /Users/ajuchem/webdev/kanban-app2/node_modules/gh-pages/package.json
24 verbose installManyTop reading scoped package data from /Users/ajuchem/webdev/kanban-app2/node_modules/html-webpack-plugin/package.json
25 verbose installManyTop reading scoped package data from /Users/ajuchem/webdev/kanban-app2/node_modules/html-webpack-template/package.json
26 verbose installManyTop reading scoped package data from /Users/ajuchem/webdev/kanban-app2/node_modules/isparta-instrumenter-loader/package.json
27 verbose installManyTop reading scoped package data from /Users/ajuchem/webdev/kanban-app2/node_modules/karma/package.json
28 verbose installManyTop reading scoped package data from /Users/ajuchem/webdev/kanban-app2/node_modules/karma-coverage/package.json
29 verbose installManyTop reading scoped package data from /Users/ajuchem/webdev/kanban-app2/node_modules/karma-mocha/package.json
30 verbose installManyTop reading scoped package data from /Users/ajuchem/webdev/kanban-app2/node_modules/karma-phantomjs-launcher/package.json
31 verbose installManyTop reading scoped package data from /Users/ajuchem/webdev/kanban-app2/node_modules/karma-sourcemap-loader/package.json
32 verbose installManyTop reading scoped package data from /Users/ajuchem/webdev/kanban-app2/node_modules/karma-spec-reporter/package.json
33 verbose installManyTop reading scoped package data from /Users/ajuchem/webdev/kanban-app2/node_modules/karma-webpack/package.json
34 verbose installManyTop reading scoped package data from /Users/ajuchem/webdev/kanban-app2/node_modules/mocha/package.json
35 verbose installManyTop reading scoped package data from /Users/ajuchem/webdev/kanban-app2/node_modules/npm-install-webpack-plugin/package.json
36 verbose installManyTop reading scoped package data from /Users/ajuchem/webdev/kanban-app2/node_modules/phantomjs-polyfill/package.json
37 verbose installManyTop reading scoped package data from /Users/ajuchem/webdev/kanban-app2/node_modules/phantomjs-prebuilt/package.json
38 verbose installManyTop reading scoped package data from /Users/ajuchem/webdev/kanban-app2/node_modules/react/package.json
39 verbose installManyTop reading scoped package data from /Users/ajuchem/webdev/kanban-app2/node_modules/react-addons-perf/package.json
40 verbose installManyTop reading scoped package data from /Users/ajuchem/webdev/kanban-app2/node_modules/react-addons-test-utils/package.json
41 verbose installManyTop reading scoped package data from /Users/ajuchem/webdev/kanban-app2/node_modules/react-addons-update/package.json
42 verbose installManyTop reading scoped package data from /Users/ajuchem/webdev/kanban-app2/node_modules/react-dnd/package.json
43 verbose installManyTop reading scoped package data from /Users/ajuchem/webdev/kanban-app2/node_modules/react-dnd-html5-backend/package.json
44 verbose installManyTop reading scoped package data from /Users/ajuchem/webdev/kanban-app2/node_modules/react-dom/package.json
45 verbose installManyTop reading scoped package data from /Users/ajuchem/webdev/kanban-app2/node_modules/redux/package.json
46 verbose installManyTop reading scoped package data from /Users/ajuchem/webdev/kanban-app2/node_modules/style-loader/package.json
47 verbose installManyTop reading scoped package data from /Users/ajuchem/webdev/kanban-app2/node_modules/uuid/package.json
48 verbose installManyTop reading scoped package data from /Users/ajuchem/webdev/kanban-app2/node_modules/webpack/package.json
49 verbose installManyTop reading scoped package data from /Users/ajuchem/webdev/kanban-app2/node_modules/webpack-dev-server/package.json
50 verbose installManyTop reading scoped package data from /Users/ajuchem/webdev/kanban-app2/node_modules/webpack-merge/package.json
51 verbose installManyTop reading scoped package data from /Users/ajuchem/webdev/kanban-app2/node_modules/webpack-validator/package.json
52 info package.json alt-utils@1.0.0 No repository field.
53 info package.json clean-webpack-plugin@0.1.10 No license field.
54 info package.json expose-loader@0.7.1 No license field.
55 verbose readDependencies loading dependencies from /Users/ajuchem/webdev/kanban-app2/package.json
56 silly cache add args [ 'redux-dnd', null ]
57 verbose cache add spec redux-dnd
58 silly cache add parsed spec Result {
58 silly cache add   raw: 'redux-dnd',
58 silly cache add   scope: null,
58 silly cache add   name: 'redux-dnd',
58 silly cache add   rawSpec: '',
58 silly cache add   spec: 'latest',
58 silly cache add   type: 'tag' }
59 silly addNamed redux-dnd@latest
60 verbose addNamed "latest" is being treated as a dist-tag for redux-dnd
61 info addNameTag [ 'redux-dnd', 'latest' ]
62 silly mapToRegistry name redux-dnd
63 silly mapToRegistry using default registry
64 silly mapToRegistry registry https://registry.npmjs.org/
65 silly mapToRegistry data Result {
65 silly mapToRegistry   raw: 'redux-dnd',
65 silly mapToRegistry   scope: null,
65 silly mapToRegistry   name: 'redux-dnd',
65 silly mapToRegistry   rawSpec: '',
65 silly mapToRegistry   spec: 'latest',
65 silly mapToRegistry   type: 'tag' }
66 silly mapToRegistry uri https://registry.npmjs.org/redux-dnd
67 verbose addNameTag registry:https://registry.npmjs.org/redux-dnd not in flight; fetching
68 verbose request uri https://registry.npmjs.org/redux-dnd
69 verbose request no auth needed
70 info attempt registry request try #1 at 5:04:46 PM
71 verbose request id 28777aeb43cf646e
72 http request GET https://registry.npmjs.org/redux-dnd
73 http 404 https://registry.npmjs.org/redux-dnd
74 verbose headers { 'content-type': 'application/json',
74 verbose headers   'cache-control': 'max-age=0',
74 verbose headers   'content-length': '2',
74 verbose headers   'accept-ranges': 'bytes',
74 verbose headers   date: 'Wed, 02 Nov 2016 23:04:47 GMT',
74 verbose headers   via: '1.1 varnish',
74 verbose headers   age: '0',
74 verbose headers   connection: 'keep-alive',
74 verbose headers   'x-served-by': 'cache-den6022-DEN',
74 verbose headers   'x-cache': 'MISS',
74 verbose headers   'x-cache-hits': '0',
74 verbose headers   'x-timer': 'S1478127886.869095,VS0,VE263',
74 verbose headers   vary: 'Accept-Encoding' }
75 silly get cb [ 404,
75 silly get   { 'content-type': 'application/json',
75 silly get     'cache-control': 'max-age=0',
75 silly get     'content-length': '2',
75 silly get     'accept-ranges': 'bytes',
75 silly get     date: 'Wed, 02 Nov 2016 23:04:47 GMT',
75 silly get     via: '1.1 varnish',
75 silly get     age: '0',
75 silly get     connection: 'keep-alive',
75 silly get     'x-served-by': 'cache-den6022-DEN',
75 silly get     'x-cache': 'MISS',
75 silly get     'x-cache-hits': '0',
75 silly get     'x-timer': 'S1478127886.869095,VS0,VE263',
75 silly get     vary: 'Accept-Encoding' } ]
76 verbose stack Error: Registry returned 404 for GET on https://registry.npmjs.org/redux-dnd
76 verbose stack     at makeError (/usr/local/lib/node_modules/npm/node_modules/npm-registry-client/lib/request.js:264:12)
76 verbose stack     at CachingRegistryClient.<anonymous> (/usr/local/lib/node_modules/npm/node_modules/npm-registry-client/lib/request.js:242:14)
76 verbose stack     at Request._callback (/usr/local/lib/node_modules/npm/node_modules/npm-registry-client/lib/request.js:172:14)
76 verbose stack     at Request.self.callback (/usr/local/lib/node_modules/npm/node_modules/request/request.js:200:22)
76 verbose stack     at emitTwo (events.js:87:13)
76 verbose stack     at Request.emit (events.js:172:7)
76 verbose stack     at Request.<anonymous> (/usr/local/lib/node_modules/npm/node_modules/request/request.js:1067:10)
76 verbose stack     at emitOne (events.js:82:20)
76 verbose stack     at Request.emit (events.js:169:7)
76 verbose stack     at IncomingMessage.<anonymous> (/usr/local/lib/node_modules/npm/node_modules/request/request.js:988:12)
77 verbose statusCode 404
78 verbose pkgid redux-dnd
79 verbose cwd /Users/ajuchem/webdev/kanban-app2
80 error Darwin 16.1.0
81 error argv "/usr/local/bin/node" "/usr/local/bin/npm" "install" "redux-dnd" "--save"
82 error node v4.5.0
83 error npm  v2.15.9
84 error code E404
85 error 404 Registry returned 404 for GET on https://registry.npmjs.org/redux-dnd
85 error 404
85 error 404 'redux-dnd' is not in the npm registry.
85 error 404 You should bug the author to publish it (or use the name yourself!)
85 error 404 It was specified as a dependency of 'react-boilerplate'
85 error 404
85 error 404 Note that you can also install from a
85 error 404 tarball, folder, http url, or git url.
86 verbose exit [ 1, true ]
